AH00112: Warning: DocumentRoot [C:/Users/Usuario/Documents/TFG-Laravel-Angular2/xampp/htdocs/tfg/public] does not exist
[Fri Jun 16 12:16:15.811209 2017] [core:error] [pid 5028:tid 636] (EAI 11001)APR does not understand this error code: AH00549: Failed to resolve server name for 127.0.53.53 (check DNS) -- or specify an explicit ServerName
[Fri Jun 16 12:16:15.865293 2017] [core:warn] [pid 5028:tid 636] AH00098: pid file C:/Users/Daniel/Documents/TFG-Laravel-Angular2/xampp/apache/logs/httpd.pid overwritten -- Unclean shutdown of previous Apache run?
[Fri Jun 16 12:16:16.502268 2017] [mpm_winnt:notice] [pid 5028:tid 636] AH00455: Apache/2.4.25 (Win32) OpenSSL/1.0.2j PHP/7.1.1 configured -- resuming normal operations
[Fri Jun 16 12:16:16.502268 2017] [mpm_winnt:notice] [pid 5028:tid 636] AH00456: Apache Lounge VC14 Server built: Dec 17 2016 10:42:52
[Fri Jun 16 12:16:16.502268 2017] [core:notice] [pid 5028:tid 636] AH00094: Command line: 'c:\\users\\daniel\\documents\\tfg-laravel-angular2\\xampp\\apache\\bin\\httpd.exe -d C:/Users/Daniel/Documents/TFG-Laravel-Angular2/xampp/apache'
[Fri Jun 16 12:16:16.502268 2017] [mpm_winnt:notice] [pid 5028:tid 636] AH00418: Parent: Created child process 1724
AH00112: Warning: DocumentRoot [C:/Users/Usuario/Documents/TFG-Laravel-Angular2/xampp/htdocs/tfg/public] does not exist
[Fri Jun 16 12:16:17.684312 2017] [core:error] [pid 1724:tid 640] (EAI 11001)APR does not understand this error code: AH00549: Failed to resolve server name for 127.0.53.53 (check DNS) -- or specify an explicit ServerName
AH00112: Warning: DocumentRoot [C:/Users/Usuario/Documents/TFG-Laravel-Angular2/xampp/htdocs/tfg/public] does not exist
[Fri Jun 16 12:16:18.663823 2017] [core:error] [pid 1724:tid 640] (EAI 11001)APR does not understand this error code: AH00549: Failed to resolve server name for 127.0.53.53 (check DNS) -- or specify an explicit ServerName
[Fri Jun 16 12:16:18.834737 2017] [mpm_winnt:notice] [pid 1724:tid 640] AH00354: Child: Starting 150 worker threads.
AH00112: Warning: DocumentRoot [C:/Users/Usuario/Documents/TFG-Laravel-Angular2/xampp/htdocs/tfg/public] does not exist
[Sat Jun 17 11:40:16.249246 2017] [core:error] [pid 1808:tid 636] (EAI 11001)APR does not understand this error code: AH00549: Failed to resolve server name for 127.0.53.53 (check DNS) -- or specify an explicit ServerName
[Sat Jun 17 11:40:16.297863 2017] [core:warn] [pid 1808:tid 636] AH00098: pid file C:/Users/Daniel/Documents/TFG-Laravel-Angular2/xampp/apache/logs/httpd.pid overwritten -- Unclean shutdown of previous Apache run?
[Sat Jun 17 11:40:17.203235 2017] [mpm_winnt:notice] [pid 1808:tid 636] AH00455: Apache/2.4.25 (Win32) OpenSSL/1.0.2j PHP/7.1.1 configured -- resuming normal operations
[Sat Jun 17 11:40:17.203235 2017] [mpm_winnt:notice] [pid 1808:tid 636] AH00456: Apache Lounge VC14 Server built: Dec 17 2016 10:42:52
[Sat Jun 17 11:40:17.203235 2017] [core:notice] [pid 1808:tid 636] AH00094: Command line: 'c:\\users\\daniel\\documents\\tfg-laravel-angular2\\xampp\\apache\\bin\\httpd.exe -d C:/Users/Daniel/Documents/TFG-Laravel-Angular2/xampp/apache'
[Sat Jun 17 11:40:17.208564 2017] [mpm_winnt:notice] [pid 1808:tid 636] AH00418: Parent: Created child process 3624
AH00112: Warning: DocumentRoot [C:/Users/Usuario/Documents/TFG-Laravel-Angular2/xampp/htdocs/tfg/public] does not exist
[Sat Jun 17 11:40:18.484871 2017] [core:error] [pid 3624:tid 676] (EAI 11001)APR does not understand this error code: AH00549: Failed to resolve server name for 127.0.53.53 (check DNS) -- or specify an explicit ServerName
AH00112: Warning: DocumentRoot [C:/Users/Usuario/Documents/TFG-Laravel-Angular2/xampp/htdocs/tfg/public] does not exist
[Sat Jun 17 11:40:19.631883 2017] [core:error] [pid 3624:tid 676] (EAI 11001)APR does not understand this error code: AH00549: Failed to resolve server name for 127.0.53.53 (check DNS) -- or specify an explicit ServerName
[Sat Jun 17 11:40:19.882826 2017] [mpm_winnt:notice] [pid 3624:tid 676] AH00354: Child: Starting 150 worker threads.
[Sat Jun 17 11:41:36.780509 2017] [core:error] [pid 6556:tid 600] (EAI 11001)APR does not understand this error code: AH00549: Failed to resolve server name for 127.0.53.53 (check DNS) -- or specify an explicit ServerName
[Sat Jun 17 11:41:36.810673 2017] [core:warn] [pid 6556:tid 600] AH00098: pid file C:/Users/Daniel/Documents/TFG-Laravel-Angular2/xampp/apache/logs/httpd.pid overwritten -- Unclean shutdown of previous Apache run?
[Sat Jun 17 11:41:36.920248 2017] [mpm_winnt:notice] [pid 6556:tid 600] AH00455: Apache/2.4.25 (Win32) OpenSSL/1.0.2j PHP/7.1.1 configured -- resuming normal operations
[Sat Jun 17 11:41:36.920248 2017] [mpm_winnt:notice] [pid 6556:tid 600] AH00456: Apache Lounge VC14 Server built: Dec 17 2016 10:42:52
[Sat Jun 17 11:41:36.920248 2017] [core:notice] [pid 6556:tid 600] AH00094: Command line: 'c:\\users\\daniel\\documents\\tfg-laravel-angular2\\xampp\\apache\\bin\\httpd.exe -d C:/Users/Daniel/Documents/TFG-Laravel-Angular2/xampp/apache'
[Sat Jun 17 11:41:36.921763 2017] [mpm_winnt:notice] [pid 6556:tid 600] AH00418: Parent: Created child process 8408
[Sat Jun 17 11:41:38.065321 2017] [core:error] [pid 8408:tid 684] (EAI 11001)APR does not understand this error code: AH00549: Failed to resolve server name for 127.0.53.53 (check DNS) -- or specify an explicit ServerName
[Sat Jun 17 11:41:39.101939 2017] [core:error] [pid 8408:tid 684] (EAI 11001)APR does not understand this error code: AH00549: Failed to resolve server name for 127.0.53.53 (check DNS) -- or specify an explicit ServerName
[Sat Jun 17 11:41:39.283583 2017] [mpm_winnt:notice] [pid 8408:tid 684] AH00354: Child: Starting 150 worker threads.
[Sat Jun 17 11:54:07.605646 2017] [core:error] [pid 7764:tid 668] (EAI 11001)APR does not understand this error code: AH00549: Failed to resolve server name for 127.0.53.53 (check DNS) -- or specify an explicit ServerName
[Sat Jun 17 11:54:07.655582 2017] [core:warn] [pid 7764:tid 668] AH00098: pid file C:/Users/Daniel/Documents/TFG-Laravel-Angular2/xampp/apache/logs/httpd.pid overwritten -- Unclean shutdown of previous Apache run?
[Sat Jun 17 11:54:07.774937 2017] [mpm_winnt:notice] [pid 7764:tid 668] AH00455: Apache/2.4.25 (Win32) OpenSSL/1.0.2j PHP/7.1.1 configured -- resuming normal operations
[Sat Jun 17 11:54:07.774937 2017] [mpm_winnt:notice] [pid 7764:tid 668] AH00456: Apache Lounge VC14 Server built: Dec 17 2016 10:42:52
[Sat Jun 17 11:54:07.774937 2017] [core:notice] [pid 7764:tid 668] AH00094: Command line: 'c:\\users\\daniel\\documents\\tfg-laravel-angular2\\xampp\\apache\\bin\\httpd.exe -d C:/Users/Daniel/Documents/TFG-Laravel-Angular2/xampp/apache'
[Sat Jun 17 11:54:07.774937 2017] [mpm_winnt:notice] [pid 7764:tid 668] AH00418: Parent: Created child process 5460
[Sat Jun 17 11:54:08.953926 2017] [core:error] [pid 5460:tid 512] (EAI 11001)APR does not understand this error code: AH00549: Failed to resolve server name for 127.0.53.53 (check DNS) -- or specify an explicit ServerName
[Sat Jun 17 11:54:09.994359 2017] [core:error] [pid 5460:tid 512] (EAI 11001)APR does not understand this error code: AH00549: Failed to resolve server name for 127.0.53.53 (check DNS) -- or specify an explicit ServerName
[Sat Jun 17 11:54:10.145061 2017] [mpm_winnt:notice] [pid 5460:tid 512] AH00354: Child: Starting 150 worker threads.
[Sat Jun 17 11:59:49.010397 2017] [core:warn] [pid 10028:tid 668] AH00098: pid file C:/Users/Daniel/Documents/TFG-Laravel-Angular2/xampp/apache/logs/httpd.pid overwritten -- Unclean shutdown of previous Apache run?
[Sat Jun 17 11:59:49.104652 2017] [mpm_winnt:notice] [pid 10028:tid 668] AH00455: Apache/2.4.25 (Win32) OpenSSL/1.0.2j PHP/7.1.1 configured -- resuming normal operations
[Sat Jun 17 11:59:49.104652 2017] [mpm_winnt:notice] [pid 10028:tid 668] AH00456: Apache Lounge VC14 Server built: Dec 17 2016 10:42:52
[Sat Jun 17 11:59:49.104652 2017] [core:notice] [pid 10028:tid 668] AH00094: Command line: 'c:\\users\\daniel\\documents\\tfg-laravel-angular2\\xampp\\apache\\bin\\httpd.exe -d C:/Users/Daniel/Documents/TFG-Laravel-Angular2/xampp/apache'
[Sat Jun 17 11:59:49.106158 2017] [mpm_winnt:notice] [pid 10028:tid 668] AH00418: Parent: Created child process 804
[Sat Jun 17 11:59:49.611511 2017] [mpm_winnt:notice] [pid 804:tid 668] AH00354: Child: Starting 150 worker threads.
[Fri Jun 23 10:30:39.824171 2017] [core:warn] [pid 1004:tid 204] AH00098: pid file C:/Users/Daniel/Documents/TFG-Laravel-Angular2/xampp/apache/logs/httpd.pid overwritten -- Unclean shutdown of previous Apache run?
[Fri Jun 23 10:30:40.785370 2017] [mpm_winnt:notice] [pid 1004:tid 204] AH00455: Apache/2.4.25 (Win32) OpenSSL/1.0.2j PHP/7.1.1 configured -- resuming normal operations
[Fri Jun 23 10:30:40.785370 2017] [mpm_winnt:notice] [pid 1004:tid 204] AH00456: Apache Lounge VC14 Server built: Dec 17 2016 10:42:52
[Fri Jun 23 10:30:40.785370 2017] [core:notice] [pid 1004:tid 204] AH00094: Command line: 'c:\\users\\daniel\\documents\\tfg-laravel-angular2\\xampp\\apache\\bin\\httpd.exe -d C:/Users/Daniel/Documents/TFG-Laravel-Angular2/xampp/apache'
[Fri Jun 23 10:30:40.787351 2017] [mpm_winnt:notice] [pid 1004:tid 204] AH00418: Parent: Created child process 10368
[Fri Jun 23 10:30:41.322332 2017] [mpm_winnt:notice] [pid 10368:tid 708] AH00354: Child: Starting 150 worker threads.
[Fri Jun 23 12:48:15.824398 2017] [php7:error] [pid 10368:tid 1944] [client 127.0.0.1:59636] PHP Fatal error:  Interface 'App\\Interfaces\\ElasticsearchModel' not found in C:\\Users\\Daniel\\Documents\\TFG-Laravel-Angular2\\xampp\\htdocs\\tfg\\app\\User.php on line 10
[Fri Jun 23 12:48:53.545501 2017] [php7:error] [pid 10368:tid 1944] [client 127.0.0.1:59689] PHP Fatal error:  Interface 'App\\Interfaces\\ElasticsearchModel' not found in C:\\Users\\Daniel\\Documents\\TFG-Laravel-Angular2\\xampp\\htdocs\\tfg\\app\\Image.php on line 8
[Fri Jun 23 14:54:02.447299 2017] [core:warn] [pid 10688:tid 208] AH00098: pid file C:/Users/Daniel/Documents/TFG-Laravel-Angular2/xampp/apache/logs/httpd.pid overwritten -- Unclean shutdown of previous Apache run?
[Fri Jun 23 14:54:03.265594 2017] [mpm_winnt:notice] [pid 10688:tid 208] AH00455: Apache/2.4.25 (Win32) OpenSSL/1.0.2j PHP/7.1.1 configured -- resuming normal operations
[Fri Jun 23 14:54:03.265594 2017] [mpm_winnt:notice] [pid 10688:tid 208] AH00456: Apache Lounge VC14 Server built: Dec 17 2016 10:42:52
[Fri Jun 23 14:54:03.265594 2017] [core:notice] [pid 10688:tid 208] AH00094: Command line: 'c:\\users\\daniel\\documents\\tfg-laravel-angular2\\xampp\\apache\\bin\\httpd.exe -d C:/Users/Daniel/Documents/TFG-Laravel-Angular2/xampp/apache'
[Fri Jun 23 14:54:03.265594 2017] [mpm_winnt:notice] [pid 10688:tid 208] AH00418: Parent: Created child process 8092
[Fri Jun 23 14:54:03.902145 2017] [mpm_winnt:notice] [pid 8092:tid 704] AH00354: Child: Starting 150 worker threads.
[Sat Jun 24 12:15:00.837767 2017] [core:warn] [pid 4920:tid 700] AH00098: pid file C:/Users/Daniel/Documents/TFG-Laravel-Angular2/xampp/apache/logs/httpd.pid overwritten -- Unclean shutdown of previous Apache run?
[Sat Jun 24 12:15:02.110944 2017] [mpm_winnt:notice] [pid 4920:tid 700] AH00455: Apache/2.4.25 (Win32) OpenSSL/1.0.2j PHP/7.1.1 configured -- resuming normal operations
[Sat Jun 24 12:15:02.110944 2017] [mpm_winnt:notice] [pid 4920:tid 700] AH00456: Apache Lounge VC14 Server built: Dec 17 2016 10:42:52
[Sat Jun 24 12:15:02.110944 2017] [core:notice] [pid 4920:tid 700] AH00094: Command line: 'c:\\users\\daniel\\documents\\tfg-laravel-angular2\\xampp\\apache\\bin\\httpd.exe -d C:/Users/Daniel/Documents/TFG-Laravel-Angular2/xampp/apache'
[Sat Jun 24 12:15:02.126573 2017] [mpm_winnt:notice] [pid 4920:tid 700] AH00418: Parent: Created child process 4512
[Sat Jun 24 12:15:02.707277 2017] [mpm_winnt:notice] [pid 4512:tid 668] AH00354: Child: Starting 150 worker threads.
[Sat Jun 24 13:22:27.740767 2017] [mpm_winnt:notice] [pid 4920:tid 700] AH00428: Parent: child process 4512 exited with status 3221226356 -- Restarting.
[Sat Jun 24 13:22:36.797753 2017] [mpm_winnt:notice] [pid 4920:tid 700] AH00455: Apache/2.4.25 (Win32) OpenSSL/1.0.2j PHP/7.1.1 configured -- resuming normal operations
[Sat Jun 24 13:22:36.797753 2017] [mpm_winnt:notice] [pid 4920:tid 700] AH00456: Apache Lounge VC14 Server built: Dec 17 2016 10:42:52
[Sat Jun 24 13:22:36.802260 2017] [core:notice] [pid 4920:tid 700] AH00094: Command line: 'c:\\users\\daniel\\documents\\tfg-laravel-angular2\\xampp\\apache\\bin\\httpd.exe -d C:/Users/Daniel/Documents/TFG-Laravel-Angular2/xampp/apache'
[Sat Jun 24 13:22:36.819398 2017] [mpm_winnt:notice] [pid 4920:tid 700] AH00418: Parent: Created child process 9164
[Sat Jun 24 13:22:37.486807 2017] [mpm_winnt:notice] [pid 9164:tid 692] AH00354: Child: Starting 150 worker threads.
